<parent>
	<child>one</child>
	<child>${name}</child>
</parent>